<?xml version="1.0" encoding="UTF-8" ?>
<testsuite tests="4" failures="0" name="org.cap.test.bankapp.BankAppMocitoTestCase" time="0.258" errors="0" skipped="0">
  <properties>
[...]
</properties>
  <testcase classname="org.cap.test.bankapp.BankAppMocitoTestCase" name="test_AddAccount_method" time="0.256"/>
  <testcase classname="org.cap.test.bankapp.BankAppMocitoTestCase" name="test_deposit" time="0"/>
  <testcase classname="org.cap.test.bankapp.BankAppMocitoTestCase" name="test_findAccountById" time="0.001"/>
  <testcase classname="org.cap.test.bankapp.BankAppMocitoTestCase" name="test_withdraw" time="0.001"/>
</testsuite>